#
# There is insufficient memory for the Java Runtime Environment to continue.
# Native memory allocation (mmap) failed to map 90177536 bytes for Failed to commit area from 0x000000008df00000 to 0x0000000093500000 of length 90177536.
# Possible reasons:
#   The system is out of physical RAM or swap space
#   The process is running with CompressedOops enabled, and the Java Heap may be blocking the growth of the native heap
# Possible solutions:
#   Reduce memory load on the system
#   Increase physical memory or swap space
#   Check if swap backing store is full
#   Decrease Java heap size (-Xmx/-Xms)
#   Decrease number of Java threads
#   Decrease Java thread stack sizes (-Xss)
#   Set larger code cache with -XX:ReservedCodeCacheSize=
#   JVM is running with Unscaled Compressed Oops mode in which the Java heap is
#     placed in the first 4GB address space. The Java Heap base address is the
#     maximum limit for the native heap growth. Please use -XX:HeapBaseMinAddress
#     to set the Java Heap base and to place the Java Heap above 4GB virtual address.
# This output file may be truncated or incomplete.
#
#  Out of Memory Error (./src/hotspot/os/windows/os_windows.cpp:3301), pid=10368, tid=34464
#
# JRE version: OpenJDK Runtime Environment (11.0.10) (build 11.0.10+0-b96-7249189)
# Java VM: OpenJDK 64-Bit Server VM (11.0.10+0-b96-7249189, mixed mode, tiered, compressed oops, g1 gc, windows-amd64)
# No core dump will be written. Minidumps are not enabled by default on client versions of Windows
#

---------------  S U M M A R Y ------------

Command Line: --add-opens=java.base/java.util=ALL-UNNAMED --add-opens=java.base/java.lang=ALL-UNNAMED --add-opens=java.base/java.lang.invoke=ALL-UNNAMED --add-opens=java.base/java.util=ALL-UNNAMED --add-opens=java.prefs/java.util.prefs=ALL-UNNAMED --add-opens=java.prefs/java.util.prefs=ALL-UNNAMED --add-opens=java.base/java.nio.charset=ALL-UNNAMED --add-opens=java.base/java.net=ALL-UNNAMED --add-opens=java.base/java.util.concurrent.atomic=ALL-UNNAMED -Xmx2048m -Dfile.encoding=UTF-8 -Duser.country=IN -Duser.language=en -Duser.variant org.gradle.launcher.daemon.bootstrap.GradleDaemon 7.0.2

Host: 11th Gen Intel(R) Core(TM) i5-1135G7 @ 2.40GHz, 8 cores, 7G,  Windows 10 , 64 bit Build 19041 (10.0.19041.1348)
Time: Sun Nov 28 18:26:10 2021 India Standard Time elapsed time: 19044.454830 seconds (0d 5h 17m 24s)

---------------  T H R E A D  ---------------

Current thread (0x00000244ff34a000):  VMThread "VM Thread" [stack: 0x0000004dc7800000,0x0000004dc7900000] [id=34464]

Stack: [0x0000004dc7800000,0x0000004dc7900000]
[error occurred during error reporting (printing stack bounds), id 0xc0000005, EXCEPTION_ACCESS_VIOLATION (0xc0000005) at pc=0x00000244e82110e7]

Native frames: (J=compiled Java code, j=interpreted, Vv=VM code, C=native code)
V  [jvm.dll+0x5ecfaa]
V  [jvm.dll+0x722bd5]
V  [jvm.dll+0x72412d]
V  [jvm.dll+0x724745]
V  [jvm.dll+0x7246fb]
V  [jvm.dll+0x5ec348]
V  [jvm.dll+0x5ecad8]
C  [ntdll.dll+0xa20cf]
C  [ntdll.dll+0x51454]
C  [ntdll.dll+0xa0bfe]
C  0x00000244e82110e7

VM_Operation (0x0000004dcc1fd350): G1CollectForAllocation, mode: safepoint, requested by thread 0x000002448357e800


---------------  P R O C E S S  ---------------

Threads class SMR info:
_java_thread_list=0x000002448ab0ae50, length=72, elements={
0x00000244e471c800, 0x00000244ff34c000, 0x00000244ff34f800, 0x00000244ff365800,
0x00000244ff369000, 0x00000244ff36a000, 0x00000244ff36c000, 0x00000244ff36e000,
0x00000244ff372800, 0x00000244801b7800, 0x0000024481ca1000, 0x00000244815e4800,
0x00000244803fe800, 0x0000024481f41800, 0x0000024481f42000, 0x0000024481f45800,
0x0000024481f44800, 0x0000024481f40000, 0x0000024483577000, 0x0000024483579800,
0x000002448357a800, 0x0000024483574800, 0x0000024483578800, 0x00000244856bb800,
0x00000244856b8800, 0x00000244856b9000, 0x00000244856b7800, 0x00000244856ba000,
0x00000244856bb000, 0x00000244856c4800, 0x0000024485fc3800, 0x00000244856bc800,
0x00000244856b6800, 0x00000244856c2000, 0x00000244856bf000, 0x00000244856c4000,
0x00000244874fa800, 0x00000244874f7000, 0x0000024487500000, 0x00000244874fe000,
0x00000244874fc000, 0x00000244874fe800, 0x00000244874ff800, 0x00000244874fd000,
0x0000024487501000, 0x00000244874fb800, 0x0000024487505000, 0x0000024487502000,
0x0000024487506000, 0x0000024487503800, 0x0000024485fc5000, 0x0000024485fbf800,
0x0000024485fc1000, 0x0000024485fc2000, 0x0000024485fc4800, 0x0000024485fc6000,
0x0000024485fc0800, 0x0000024485fc7000, 0x0000024485fc7800, 0x0000024485fc8800,
0x0000024485fc3000, 0x0000024485fcc000, 0x0000024485fcc800, 0x0000024485fcb000,
0x0000024485fc9800, 0x0000024485fce000, 0x0000024483578000, 0x000002448357d800,
0x0000024483581000, 0x000002448357e800, 0x000002448357f000, 0x0000024483580000
}

Java Threads: ( => current thread )
  0x00000244e471c800 JavaThread "main" [_thread_blocked, id=30352, stack(0x0000004dc7200000,0x0000004dc7300000)]
  0x00000244ff34c000 JavaThread "Reference Handler" daemon [_thread_blocked, id=38932, stack(0x0000004dc7900000,0x0000004dc7a00000)]
  0x00000244ff34f800 JavaThread "Finalizer" daemon [_thread_blocked, id=20128, stack(0x0000004dc7a00000,0x0000004dc7b00000)]
  0x00000244ff365800 JavaThread "Signal Dispatcher" daemon [_thread_blocked, id=35516, stack(0x0000004dc7b00000,0x0000004dc7c00000)]
  0x00000244ff369000 JavaThread "Attach Listener" daemon [_thread_blocked, id=17280, stack(0x0000004dc7c00000,0x0000004dc7d00000)]
  0x00000244ff36a000 JavaThread "Service Thread" daemon [_thread_blocked, id=40304, stack(0x0000004dc7d00000,0x0000004dc7e00000)]
  0x00000244ff36c000 JavaThread "C2 CompilerThread0" daemon [_thread_blocked, id=40332, stack(0x0000004dc7e00000,0x0000004dc7f00000)]
  0x00000244ff36e000 JavaThread "C1 CompilerThread0" daemon [_thread_blocked, id=39040, stack(0x0000004dc7f00000,0x0000004dc8000000)]
  0x00000244ff372800 JavaThread "Sweeper thread" daemon [_thread_blocked, id=20640, stack(0x0000004dc8000000,0x0000004dc8100000)]
  0x00000244801b7800 JavaThread "Common-Cleaner" daemon [_thread_blocked, id=15288, stack(0x0000004dc8100000,0x0000004dc8200000)]
  0x0000024481ca1000 JavaThread "Daemon health stats" [_thread_blocked, id=29452, stack(0x0000004dc8700000,0x0000004dc8800000)]
  0x00000244815e4800 JavaThread "Incoming local TCP Connector on port 53161" [_thread_in_native, id=38968, stack(0x0000004dc8400000,0x0000004dc8500000)]
  0x00000244803fe800 JavaThread "Daemon periodic checks" [_thread_blocked, id=36216, stack(0x0000004dc8800000,0x0000004dc8900000)]
  0x0000024481f41800 JavaThread "Cache worker for file hash cache (C:\Users\Mukul Kolpe\.gradle\caches\7.0.2\fileHashes)" [_thread_blocked, id=32640, stack(0x0000004dc9500000,0x0000004dc9600000)]
  0x0000024481f42000 JavaThread "File lock request listener" [_thread_in_native, id=17248, stack(0x0000004dc9600000,0x0000004dc9700000)]
  0x0000024481f45800 JavaThread "Cache worker for journal cache (C:\Users\Mukul Kolpe\.gradle\caches\journal-1)" [_thread_blocked, id=22600, stack(0x0000004dc9800000,0x0000004dc9900000)]
  0x0000024481f44800 JavaThread "File watcher server" daemon [_thread_blocked, id=6320, stack(0x0000004dc9a00000,0x0000004dc9b00000)]
  0x0000024481f40000 JavaThread "File watcher consumer" daemon [_thread_blocked, id=38872, stack(0x0000004dc9b00000,0x0000004dc9c00000)]
  0x0000024483577000 JavaThread "Cache worker for execution history cache (C:\Users\Mukul Kolpe\.gradle\caches\7.0.2\executionHistory)" [_thread_blocked, id=19036, stack(0x0000004dc9f00000,0x0000004dca000000)]
  0x0000024483579800 JavaThread "jar transforms" [_thread_blocked, id=33580, stack(0x0000004dca000000,0x0000004dca100000)]
  0x000002448357a800 JavaThread "jar transforms Thread 2" [_thread_blocked, id=40300, stack(0x0000004dca100000,0x0000004dca200000)]
  0x0000024483574800 JavaThread "Cache worker for file content cache (C:\Users\Mukul Kolpe\.gradle\caches\7.0.2\fileContent)" [_thread_blocked, id=40008, stack(0x0000004dca200000,0x0000004dca300000)]
  0x0000024483578800 JavaThread "jar transforms Thread 3" [_thread_blocked, id=40328, stack(0x0000004dca400000,0x0000004dca500000)]
  0x00000244856bb800 JavaThread "jar transforms Thread 4" [_thread_blocked, id=22392, stack(0x0000004dcae00000,0x0000004dcaf00000)]
  0x00000244856b8800 JavaThread "jar transforms Thread 5" [_thread_blocked, id=31788, stack(0x0000004dcaf00000,0x0000004dcb000000)]
  0x00000244856b9000 JavaThread "jar transforms Thread 6" [_thread_blocked, id=34644, stack(0x0000004dcb000000,0x0000004dcb100000)]
  0x00000244856b7800 JavaThread "jar transforms Thread 7" [_thread_blocked, id=30096, stack(0x0000004dcb100000,0x0000004dcb200000)]
  0x00000244856ba000 JavaThread "jar transforms Thread 8" [_thread_blocked, id=37272, stack(0x0000004dcb200000,0x0000004dcb300000)]
  0x00000244856bb000 JavaThread "Memory manager" [_thread_blocked, id=40132, stack(0x0000004dcb300000,0x0000004dcb400000)]
  0x00000244856c4800 JavaThread "Cache worker for Java compile cache (C:\Users\Mukul Kolpe\.gradle\caches\7.0.2\javaCompile)" [_thread_blocked, id=32132, stack(0x0000004dcbd00000,0x0000004dcbe00000)]
  0x0000024485fc3800 JavaThread "ForkJoinPool.commonPool-worker-15" daemon [_thread_blocked, id=30036, stack(0x0000004dcc200000,0x0000004dcc300000)]
  0x00000244856bc800 JavaThread "ForkJoinPool.commonPool-worker-11" daemon [_thread_blocked, id=27876, stack(0x0000004dcc800000,0x0000004dcc900000)]
  0x00000244856b6800 JavaThread "ForkJoinPool.commonPool-worker-13" daemon [_thread_blocked, id=7408, stack(0x0000004dcc900000,0x0000004dcca00000)]
  0x00000244856c2000 JavaThread "ForkJoinPool.commonPool-worker-5" daemon [_thread_blocked, id=38008, stack(0x0000004dccc00000,0x0000004dccd00000)]
  0x00000244856bf000 JavaThread "Daemon Thread 13" [_thread_blocked, id=26140, stack(0x0000004dc6f00000,0x0000004dc7000000)]
  0x00000244856c4000 JavaThread "Daemon worker Thread 13" [_thread_blocked, id=33064, stack(0x0000004dc8300000,0x0000004dc8400000)]
  0x00000244874fa800 JavaThread "Handler for socket connection from /127.0.0.1:53161 to /127.0.0.1:50663" [_thread_in_native, id=17756, stack(0x0000004dc7000000,0x0000004dc7100000)]
  0x00000244874f7000 JavaThread "Cancel handler" [_thread_blocked, id=34264, stack(0x0000004dc7100000,0x0000004dc7200000)]
  0x0000024487500000 JavaThread "Asynchronous log dispatcher for DefaultDaemonConnection: socket connection from /127.0.0.1:53161 to /127.0.0.1:50663" [_thread_blocked, id=34760, stack(0x0000004dc8900000,0x0000004dc8a00000)]
  0x00000244874fe000 JavaThread "Stdin handler" [_thread_blocked, id=34040, stack(0x0000004dc8a00000,0x0000004dc8b00000)]
  0x00000244874fc000 JavaThread "Daemon client event forwarder" [_thread_blocked, id=22736, stack(0x0000004dc8b00000,0x0000004dc8c00000)]
  0x00000244874fe800 JavaThread "Cache worker for file hash cache (C:\Users\Mukul Kolpe\AndroidStudioProjects\SocialMediaChatApp\.gradle\7.0.2\fileHashes)" [_thread_blocked, id=28188, stack(0x0000004dc8c00000,0x0000004dc8d00000)]
  0x00000244874ff800 JavaThread "Cache worker for checksums cache (C:\Users\Mukul Kolpe\AndroidStudioProjects\SocialMediaChatApp\.gradle\checksums)" [_thread_blocked, id=1152, stack(0x0000004dc8d00000,0x0000004dc8e00000)]
  0x00000244874fd000 JavaThread "Cache worker for cache directory md-supplier (C:\Users\Mukul Kolpe\.gradle\caches\7.0.2\md-supplier)" [_thread_blocked, id=39704, stack(0x0000004dc8e00000,0x0000004dc8f00000)]
  0x0000024487501000 JavaThread "Cache worker for cache directory md-rule (C:\Users\Mukul Kolpe\.gradle\caches\7.0.2\md-rule)" [_thread_blocked, id=28820, stack(0x0000004dc8f00000,0x0000004dc9000000)]
  0x00000244874fb800 JavaThread "Cache worker for dependencies-accessors (C:\Users\Mukul Kolpe\AndroidStudioProjects\SocialMediaChatApp\.gradle\7.0.2\dependencies-accessors)" [_thread_blocked, id=33996, stack(0x0000004dc9900000,0x0000004dc9a00000)]
  0x0000024487505000 JavaThread "Cache worker for Build Output Cleanup Cache (C:\Users\Mukul Kolpe\AndroidStudioProjects\SocialMediaChatApp\.gradle\buildOutputCleanup)" [_thread_blocked, id=28420, stack(0x0000004dc9c00000,0x0000004dc9d00000)]
  0x0000024487502000 JavaThread "Build operations" [_thread_blocked, id=19700, stack(0x0000004dc9d00000,0x0000004dc9e00000)]
  0x0000024487506000 JavaThread "Build operations Thread 2" [_thread_blocked, id=12044, stack(0x0000004dc9e00000,0x0000004dc9f00000)]
  0x0000024487503800 JavaThread "Build operations Thread 3" [_thread_blocked, id=39680, stack(0x0000004dca300000,0x0000004dca400000)]
  0x0000024485fc5000 JavaThread "Build operations Thread 4" [_thread_blocked, id=24012, stack(0x0000004dca500000,0x0000004dca600000)]
  0x0000024485fbf800 JavaThread "Build operations Thread 5" [_thread_blocked, id=16684, stack(0x0000004dca600000,0x0000004dca700000)]
  0x0000024485fc1000 JavaThread "Build operations Thread 6" [_thread_blocked, id=18972, stack(0x0000004dca700000,0x0000004dca800000)]
  0x0000024485fc2000 JavaThread "Build operations Thread 7" [_thread_blocked, id=12548, stack(0x0000004dca800000,0x0000004dca900000)]
  0x0000024485fc4800 JavaThread "Build operations Thread 8" [_thread_blocked, id=5412, stack(0x0000004dca900000,0x0000004dcaa00000)]
  0x0000024485fc6000 JavaThread "build event listener" [_thread_blocked, id=29664, stack(0x0000004dcaa00000,0x0000004dcab00000)]
  0x0000024485fc0800 JavaThread "Execution worker for ':'" [_thread_blocked, id=37056, stack(0x0000004dcab00000,0x0000004dcac00000)]
  0x0000024485fc7000 JavaThread "Execution worker for ':' Thread 2" [_thread_blocked, id=10416, stack(0x0000004dcac00000,0x0000004dcad00000)]
  0x0000024485fc7800 JavaThread "Execution worker for ':' Thread 3" [_thread_blocked, id=18564, stack(0x0000004dcad00000,0x0000004dcae00000)]
  0x0000024485fc8800 JavaThread "Execution worker for ':' Thread 4" [_thread_blocked, id=31608, stack(0x0000004dcb400000,0x0000004dcb500000)]
  0x0000024485fc3000 JavaThread "Execution worker for ':' Thread 5" [_thread_blocked, id=26336, stack(0x0000004dcb500000,0x0000004dcb600000)]
  0x0000024485fcc000 JavaThread "Execution worker for ':' Thread 6" [_thread_blocked, id=23524, stack(0x0000004dcb600000,0x0000004dcb700000)]
  0x0000024485fcc800 JavaThread "Execution worker for ':' Thread 7" [_thread_blocked, id=38484, stack(0x0000004dcb700000,0x0000004dcb800000)]
  0x0000024485fcb000 JavaThread "Cache worker for execution history cache (C:\Users\Mukul Kolpe\AndroidStudioProjects\SocialMediaChatApp\.gradle\7.0.2\executionHistory)" [_thread_blocked, id=31424, stack(0x0000004dcb800000,0x0000004dcb900000)]
  0x0000024485fc9800 JavaThread "WorkerExecutor Queue Thread 2" [_thread_blocked, id=40004, stack(0x0000004dcbc00000,0x0000004dcbd00000)]
  0x0000024485fce000 JavaThread "WorkerExecutor Queue Thread 3" [_thread_blocked, id=36584, stack(0x0000004dcbe00000,0x0000004dcbf00000)]
  0x0000024483578000 JavaThread "WorkerExecutor Queue Thread 4" [_thread_blocked, id=38188, stack(0x0000004dcbf00000,0x0000004dcc000000)]
  0x000002448357d800 JavaThread "WorkerExecutor Queue Thread 5" [_thread_blocked, id=37568, stack(0x0000004dcb900000,0x0000004dcba00000)]
  0x0000024483581000 JavaThread "WorkerExecutor Queue Thread 6" [_thread_blocked, id=420, stack(0x0000004dcc000000,0x0000004dcc100000)]
  0x000002448357e800 JavaThread "WorkerExecutor Queue Thread 7" [_thread_blocked, id=17848, stack(0x0000004dcc100000,0x0000004dcc200000)]
  0x000002448357f000 JavaThread "WorkerExecutor Queue Thread 8" [_thread_blocked, id=37680, stack(0x0000004dcc300000,0x0000004dcc400000)]
  0x0000024483580000 JavaThread "WorkerExecutor Queue Thread 9" [_thread_blocked, id=19096, stack(0x0000004dcc400000,0x0000004dcc500000)]

Other Threads:
=>0x00000244ff34a000 VMThread "VM Thread" [stack: 0x0000004dc7800000,0x0000004dc7900000] [id=34464]
  0x00000244801bc800 WatcherThread [stack: 0x0000004dc8200000,0x0000004dc8300000] [id=39224]
  0x00000244e4736000 GCTaskThread "GC Thread#0" [stack: 0x0000004dc7300000,0x0000004dc7400000] [id=5016]
  0x0000024480dd3800 GCTaskThread "GC Thread#1" [stack: 0x0000004dc8500000,0x0000004dc8600000] [id=39240]
  0x0000024480a11000 GCTaskThread "GC Thread#2" [stack: 0x0000004dc8600000,0x0000004dc8700000] [id=40528]
  0x0000024481b86800 GCTaskThread "GC Thread#3" [stack: 0x0000004dc9000000,0x0000004dc9100000] [id=40228]
  0x0000024481b87800 GCTaskThread "GC Thread#4" [stack: 0x0000004dc9100000,0x0000004dc9200000] [id=34784]
  0x0000024482f86000 GCTaskThread "GC Thread#5" [stack: 0x0000004dc9200000,0x0000004dc9300000] [id=16036]
  0x0000024482f86800 GCTaskThread "GC Thread#6" [stack: 0x0000004dc9300000,0x0000004dc9400000] [id=20680]
  0x0000024482b18800 GCTaskThread "GC Thread#7" [stack: 0x0000004dc9400000,0x0000004dc9500000] [id=13696]
  0x00000244e476e800 ConcurrentGCThread "G1 Main Marker" [stack: 0x0000004dc7400000,0x0000004dc7500000] [id=37304]
  0x00000244e4770000 ConcurrentGCThread "G1 Conc#0" [stack: 0x0000004dc7500000,0x0000004dc7600000] [id=40944]
  0x0000024481df8000 ConcurrentGCThread "G1 Conc#1" [stack: 0x0000004dc9700000,0x0000004dc9800000] [id=15628]
  0x00000244e47fe000 ConcurrentGCThread "G1 Refine#0" [stack: 0x0000004dc7600000,0x0000004dc7700000] [id=40716]
  0x0000024489b20000 ConcurrentGCThread "G1 Refine#1" [stack: 0x0000004dcba00000,0x0000004dcbb00000] [id=39376]
  0x00000244ff194800 ConcurrentGCThread "G1 Young RemSet Sampling" [stack: 0x0000004dc7700000,0x0000004dc7800000] [id=32104]

Threads with active compile tasks:
C2 CompilerThread019044472 25895       4       com.sun.org.apache.xerces.internal.impl.XMLEntityScanner::scanQName (502 bytes)
C1 CompilerThread019044472 25767       2       com.android.aaptcompiler.proto.ProtoSerializeKt::serializeConfigToPb (884 bytes)

VM state:at safepoint (normal execution)

VM Mutex/Monitor currently owned by a thread:  ([mutex/lock_event])
[0x00000244e4718d20] Threads_lock - owner thread: 0x00000244ff34a000
[0x00000244e4718e40] Heap_lock - owner thread: 0x000002448357e800

Heap address: 0x0000000080000000, size: 2048 MB, Compressed Oops mode: 32-bit
Narrow klass base: 0x0000000000000000, Narrow klass shift: 3
Compressed class space size: 1073741824 Address: 0x0000000100000000

Heap:
 garbage-first heap   total 316416K, used 160128K [0x0000000080000000, 0x0000000100000000)
  region size 1024K, 2 young (2048K), 2 survivors (2048K)
 Metaspace       used 125238K, capacity 129097K, committed 129280K, reserved 1161216K
  class space    used 15614K, capacity 17053K, committed 17152K, reserved 1048576K
Heap Regions: E=young(eden), S=young(survivor), O=old, HS=humongous(starts), HC=humongous(continues), CS=collection set, F=free, A=archive, TAMS=top-at-mark-start (previous, next)
|   0|0x0000000080000000, 0x0000000080100000, 0x0000000080100000|100%| O|  |TAMS 0x0000000080100000, 0x0000000080000000| Untracked 
|   1|0x0000000080100000, 0x0000000080200000, 0x0000000080200000|100%| O|  |TAMS 0x0000000080200000, 0x0000000080100000| Untracked 
|   2|0x0000000080200000, 0x0000000080300000, 0x0000000080300000|100%| O|  |TAMS 0x0000000080300000, 0x0000000080200000| Untracked 
|   3|0x0000000080300000, 0x0000000080400000, 0x0000000080400000|100%|HS|  |TAMS 0x0000000080400000, 0x0000000080300000| Complete 
|   4|0x0000000080400000, 0x0000000080500000, 0x0000000080500000|100%|HC|  |TAMS 0x0000000080500000, 0x0000000080400000| Complete 
|   5|0x0000000080500000, 0x0000000080600000, 0x0000000080600000|100%|HC|  |TAMS 0x0000000080600000, 0x0000000080500000| Complete 
|   6|0x0000000080600000, 0x0000000080700000, 0x0000000080700000|100%| O|  |TAMS 0x0000000080700000, 0x0000000080600000| Untracked 
|   7|0x0000000080700000, 0x0000000080800000, 0x0000000080800000|100%| O|  |TAMS 0x0000000080800000, 0x0000000080700000| Untracked 
|   8|0x0000000080800000, 0x0000000080900000, 0x0000000080900000|100%| O|  |TAMS 0x0000000080900000, 0x0000000080800000| Untracked 
|   9|0x0000000080900000, 0x0000000080a00000, 0x0000000080a00000|100%| O|  |TAMS 0x0000000080a00000, 0x0000000080900000| Untracked 
|  10|0x0000000080a00000, 0x0000000080b00000, 0x0000000080b00000|100%| O|  |TAMS 0x0000000080b00000, 0x0000000080a00000| Complete 
|  11|0x0000000080b00000, 0x0000000080c00000, 0x0000000080c00000|100%| O|  |TAMS 0x0000000080c00000, 0x0000000080b00000| Untracked 
|  12|0x0000000080c00000, 0x0000000080d00000, 0x0000000080d00000|100%| O|  |TAMS 0x0000000080d00000, 0x0000000080c00000| Untracked 
|  13|0x0000000080d00000, 0x0000000080e00000, 0x0000000080e00000|100%| O|  |TAMS 0x0000000080e00000, 0x0000000080d00000| Untracked 
|  14|0x0000000080e00000, 0x0000000080f00000, 0x0000000080f00000|100%| O|  |TAMS 0x0000000080f00000, 0x0000000080e00000| Untracked 
|  15|0x0000000080f00000, 0x0000000081000000, 0x0000000081000000|100%| O|  |TAMS 0x0000000081000000, 0x0000000080f00000| Complete 
|  16|0x0000000081000000, 0x0000000081100000, 0x0000000081100000|100%| O|  |TAMS 0x0000000081100000, 0x0000000081000000| Complete 
|  17|0x0000000081100000, 0x0000000081200000, 0x0000000081200000|100%| O|  |TAMS 0x0000000081200000, 0x0000000081100000| Complete 
|  18|0x0000000081200000, 0x0000000081300000, 0x0000000081300000|100%| O|  |TAMS 0x0000000081300000, 0x0000000081200000| Untracked 
|  19|0x0000000081300000, 0x0000000081400000, 0x0000000081400000|100%| O|  |TAMS 0x0000000081400000, 0x0000000081300000| Untracked 
|  20|0x0000000081400000, 0x0000000081500000, 0x0000000081500000|100%| O|  |TAMS 0x0000000081500000, 0x0000000081400000| Complete 
|  21|0x0000000081500000, 0x0000000081600000, 0x0000000081600000|100%| O|  |TAMS 0x0000000081600000, 0x0000000081500000| Complete 
|  22|0x0000000081600000, 0x0000000081700000, 0x0000000081700000|100%| O|  |TAMS 0x0000000081700000, 0x0000000081600000| Complete 
|  23|0x0000000081700000, 0x0000000081800000, 0x0000000081800000|100%| O|  |TAMS 0x0000000081800000, 0x0000000081700000| Untracked 
|  24|0x0000000081800000, 0x0000000081900000, 0x0000000081900000|100%| O|  |TAMS 0x0000000081900000, 0x0000000081800000| Untracked 
|  25|0x0000000081900000, 0x0000000081a00000, 0x0000000081a00000|100%| O|  |TAMS 0x0000000081a00000, 0x0000000081900000| Complete 
|  26|0x0000000081a00000, 0x0000000081b00000, 0x0000000081b00000|100%|HS|  |TAMS 0x0000000081b00000, 0x0000000081a00000| Complete 
|  27|0x0000000081b00000, 0x0000000081c00000, 0x0000000081c00000|100%|HS|  |TAMS 0x0000000081c00000, 0x0000000081b00000| Complete 
|  28|0x0000000081c00000, 0x0000000081d00000, 0x0000000081d00000|100%|HS|  |TAMS 0x0000000081d00000, 0x0000000081c00000| Complete 
|  29|0x0000000081d00000, 0x0000000081e00000, 0x0000000081e00000|100%|HC|  |TAMS 0x0000000081e00000, 0x0000000081d00000| Complete 
|  30|0x0000000081e00000, 0x0000000081f00000, 0x0000000081f00000|100%| O|  |TAMS 0x0000000081f00000, 0x0000000081e00000| Complete 
|  31|0x0000000081f00000, 0x0000000082000000, 0x0000000082000000|100%| O|  |TAMS 0x0000000082000000, 0x0000000081f00000| Complete 
|  32|0x0000000082000000, 0x0000000082100000, 0x0000000082100000|100%| O|  |TAMS 0x0000000082100000, 0x0000000082000000| Untracked 
|  33|0x0000000082100000, 0x0000000082200000, 0x0000000082200000|100%| O|  |TAMS 0x0000000082200000, 0x0000000082100000| Untracked 
|  34|0x0000000082200000, 0x0000000082300000, 0x0000000082300000|100%| O|  |TAMS 0x0000000082300000, 0x0000000082200000| Untracked 
|  35|0x0000000082300000, 0x0000000082400000, 0x0000000082400000|100%| O|  |TAMS 0x0000000082400000, 0x0000000082300000| Untracked 
|  36|0x0000000082400000, 0x0000000082400000, 0x0000000082500000|  0%| F|  |TAMS 0x0000000082400000, 0x0000000082400000| Untracked 
|  37|0x0000000082500000, 0x0000000082600000, 0x0000000082600000|100%| O|  |TAMS 0x0000000082600000, 0x0000000082500000| Untracked 
|  38|0x0000000082600000, 0x0000000082700000, 0x0000000082700000|100%| O|  |TAMS 0x0000000082700000, 0x0000000082600000| Untracked 
|  39|0x0000000082700000, 0x0000000082800000, 0x0000000082800000|100%| O|  |TAMS 0x0000000082800000, 0x0000000082700000| Untracked 
|  40|0x0000000082800000, 0x0000000082900000, 0x0000000082900000|100%| O|  |TAMS 0x0000000082900000, 0x0000000082800000| Untracked 
|  41|0x0000000082900000, 0x0000000082a00000, 0x0000000082a00000|100%| O|  |TAMS 0x0000000082a00000, 0x0000000082900000| Complete 
|  42|0x0000000082a00000, 0x0000000082b00000, 0x0000000082b00000|100%| O|  |TAMS 0x0000000082b00000, 0x0000000082a00000| Complete 
|  43|0x0000000082b00000, 0x0000000082c00000, 0x0000000082c00000|100%| O|  |TAMS 0x0000000082c00000, 0x0000000082b00000| Complete 
|  44|0x0000000082c00000, 0x0000000082d00000, 0x0000000082d00000|100%| O|  |TAMS 0x0000000082d00000, 0x0000000082c00000| Complete 
|  45|0x0000000082d00000, 0x0000000082e00000, 0x0000000082e00000|100%| O|  |TAMS 0x0000000082e00000, 0x0000000082d00000| Complete 
|  46|0x0000000082e00000, 0x0000000082f00000, 0x0000000082f00000|100%| O|  |TAMS 0x0000000082f00000, 0x0000000082e00000| Complete 
|  47|0x0000000082f00000, 0x0000000083000000, 0x0000000083000000|100%| O|  |TAMS 0x0000000083000000, 0x0000000082f00000| Untracked 
|  48|0x0000000083000000, 0x0000000083100000, 0x0000000083100000|100%| O|  |TAMS 0x0000000083100000, 0x0000000083000000| Untracked 
|  49|0x0000000083100000, 0x0000000083200000, 0x0000000083200000|100%| O|  |TAMS 0x0000000083200000, 0x0000000083100000| Complete 
|  50|0x0000000083200000, 0x0000000083300000, 0x0000000083300000|100%| O|  |TAMS 0x0000000083300000, 0x0000000083200000| Complete 
|  51|0x0000000083300000, 0x0000000083400000, 0x0000000083400000|100%| O|  |TAMS 0x0000000083400000, 0x0000000083300000| Untracked 
|  52|0x0000000083400000, 0x0000000083500000, 0x0000000083500000|100%| O|  |TAMS 0x0000000083500000, 0x0000000083400000| Complete 
|  53|0x0000000083500000, 0x0000000083600000, 0x0000000083600000|100%| O|  |TAMS 0x0000000083528808, 0x0000000083500000| Untracked 
|  54|0x0000000083600000, 0x0000000083700000, 0x0000000083700000|100%| O|  |TAMS 0x0000000083700000, 0x0000000083600000| Complete 
|  55|0x0000000083700000, 0x0000000083800000, 0x0000000083800000|100%| O|  |TAMS 0x0000000083800000, 0x0000000083700000| Complete 
|  56|0x0000000083800000, 0x0000000083900000, 0x0000000083900000|100%| O|  |TAMS 0x0000000083900000, 0x0000000083800000| Complete 
|  57|0x0000000083900000, 0x0000000083a00000, 0x0000000083a00000|100%| O|  |TAMS 0x0000000083a00000, 0x0000000083900000| Complete 
|  58|0x0000000083a00000, 0x0000000083b00000, 0x0000000083b00000|100%| O|  |TAMS 0x0000000083b00000, 0x0000000083a00000| Untracked 
|  59|0x0000000083b00000, 0x0000000083c00000, 0x0000000083c00000|100%| O|  |TAMS 0x0000000083c00000, 0x0000000083b00000| Complete 
|  60|0x0000000083c00000, 0x0000000083d00000, 0x0000000083d00000|100%| O|  |TAMS 0x0000000083d00000, 0x0000000083c00000| Complete 
|  61|0x0000000083d00000, 0x0000000083e00000, 0x0000000083e00000|100%| O|  |TAMS 0x0000000083e00000, 0x0000000083d00000| Complete 
|  62|0x0000000083e00000, 0x0000000083f00000, 0x0000000083f00000|100%| O|  |TAMS 0x0000000083f00000, 0x0000000083e00000| Complete 
|  63|0x0000000083f00000, 0x0000000084000000, 0x0000000084000000|100%| O|  |TAMS 0x0000000084000000, 0x0000000083f00000| Untracked 
|  64|0x0000000084000000, 0x0000000084100000, 0x0000000084100000|100%| O|  |TAMS 0x0000000084100000, 0x0000000084000000| Complete 
|  65|0x0000000084100000, 0x0000000084200000, 0x0000000084200000|100%| O|  |TAMS 0x0000000084200000, 0x0000000084100000| Complete 
|  66|0x0000000084200000, 0x0000000084300000, 0x0000000084300000|100%| O|  |TAMS 0x0000000084300000, 0x0000000084200000| Complete 
|  67|0x0000000084300000, 0x0000000084400000, 0x0000000084400000|100%| O|  |TAMS 0x0000000084400000, 0x0000000084300000| Complete 
|  68|0x0000000084400000, 0x0000000084500000, 0x0000000084500000|100%| O|  |TAMS 0x0000000084500000, 0x0000000084400000| Untracked 
|  69|0x0000000084500000, 0x0000000084600000, 0x0000000084600000|100%| O|  |TAMS 0x0000000084600000, 0x0000000084500000| Untracked 
|  70|0x0000000084600000, 0x0000000084700000, 0x0000000084700000|100%| O|  |TAMS 0x0000000084600000, 0x0000000084600000| Untracked 
|  71|0x0000000084700000, 0x0000000084800000, 0x0000000084800000|100%| O|  |TAMS 0x0000000084800000, 0x0000000084700000| Untracked 
|  72|0x0000000084800000, 0x0000000084900000, 0x0000000084900000|100%| O|  |TAMS 0x0000000084900000, 0x0000000084800000| Complete 
|  73|0x0000000084900000, 0x0000000084a00000, 0x0000000084a00000|100%| O|  |TAMS 0x0000000084a00000, 0x0000000084900000| Untracked 
|  74|0x0000000084a00000, 0x0000000084b00000, 0x0000000084b00000|100%| O|  |TAMS 0x0000000084b00000, 0x0000000084a00000| Untracked 
|  75|0x0000000084b00000, 0x0000000084c00000, 0x0000000084c00000|100%| O|  |TAMS 0x0000000084c00000, 0x0000000084b00000| Untracked 
|  76|0x0000000084c00000, 0x0000000084d00000, 0x0000000084d00000|100%| O|  |TAMS 0x0000000084d00000, 0x0000000084c00000| Untracked 
|  77|0x0000000084d00000, 0x0000000084e00000, 0x0000000084e00000|100%| O|  |TAMS 0x0000000084e00000, 0x0000000084d00000| Untracked 
|  78|0x0000000084e00000, 0x0000000084f00000, 0x0000000084f00000|100%| O|  |TAMS 0x0000000084f00000, 0x0000000084e00000| Complete 
|  79|0x0000000084f00000, 0x0000000085000000, 0x0000000085000000|100%| O|  |TAMS 0x0000000085000000, 0x0000000084f00000| Untracked 
|  80|0x0000000085000000, 0x0000000085100000, 0x0000000085100000|100%| O|  |TAMS 0x0000000085100000, 0x0000000085000000| Untracked 
|  81|0x0000000085100000, 0x0000000085200000, 0x0000000085200000|100%| O|  |TAMS 0x0000000085200000, 0x0000000085100000| Untracked 
|  82|0x0000000085200000, 0x0000000085300000, 0x0000000085300000|100%| O|  |TAMS 0x0000000085300000, 0x0000000085200000| Untracked 
|  83|0x0000000085300000, 0x0000000085400000, 0x0000000085400000|100%| O|  |TAMS 0x0000000085400000, 0x0000000085300000| Untracked 
|  84|0x0000000085400000, 0x0000000085500000, 0x0000000085500000|100%| O|  |TAMS 0x0000000085500000, 0x0000000085400000| Complete 
|  85|0x0000000085500000, 0x0000000085600000, 0x0000000085600000|100%| O|  |TAMS 0x0000000085600000, 0x0000000085500000| Untracked 
|  86|0x0000000085600000, 0x0000000085700000, 0x0000000085700000|100%| O|  |TAMS 0x0000000085700000, 0x0000000085600000| Complete 
|  87|0x0000000085700000, 0x0000000085800000, 0x0000000085800000|100%| O|  |TAMS 0x0000000085800000, 0x0000000085700000| Untracked 
|  88|0x0000000085800000, 0x0000000085900000, 0x0000000085900000|100%| O|  |TAMS 0x0000000085900000, 0x0000000085800000| Complete 
|  89|0x0000000085900000, 0x0000000085a00000, 0x0000000085a00000|100%| O|  |TAMS 0x0000000085a00000, 0x0000000085900000| Untracked 
|  90|0x0000000085a00000, 0x0000000085b00000, 0x0000000085b00000|100%| O|  |TAMS 0x0000000085b00000, 0x0000000085a00000| Untracked 
|  91|0x0000000085b00000, 0x0000000085c00000, 0x0000000085c00000|100%| O|  |TAMS 0x0000000085c00000, 0x0000000085b00000| Untracked 
|  92|0x0000000085c00000, 0x0000000085d00000, 0x0000000085d00000|100%| O|  |TAMS 0x0000000085d00000, 0x0000000085c00000| Complete 
|  93|0x0000000085d00000, 0x0000000085e00000, 0x0000000085e00000|100%|HS|  |TAMS 0x0000000085e00000, 0x0000000085d00000| Complete 
|  94|0x0000000085e00000, 0x0000000085f00000, 0x0000000085f00000|100%| O|  |TAMS 0x0000000085f00000, 0x0000000085e00000| Untracked 
|  95|0x0000000085f00000, 0x0000000086000000, 0x0000000086000000|100%| O|  |TAMS 0x0000000086000000, 0x0000000085f00000| Untracked 
|  96|0x0000000086000000, 0x0000000086100000, 0x0000000086100000|100%| O|  |TAMS 0x0000000086100000, 0x0000000086000000| Complete 
|  97|0x0000000086100000, 0x0000000086200000, 0x0000000086200000|100%| O|  |TAMS 0x0000000086200000, 0x0000000086100000| Complete 
|  98|0x0000000086200000, 0x0000000086300000, 0x0000000086300000|100%| O|  |TAMS 0x0000000086300000, 0x0000000086200000| Complete 
|  99|0x0000000086300000, 0x0000000086400000, 0x0000000086400000|100%| O|  |TAMS 0x0000000086400000, 0x0000000086300000| Untracked 
| 100|0x0000000086400000, 0x0000000086500000, 0x0000000086500000|100%| O|  |TAMS 0x0000000086500000, 0x0000000086400000| Untracked 
| 101|0x0000000086500000, 0x0000000086600000, 0x0000000086600000|100%| O|  |TAMS 0x0000000086600000, 0x0000000086500000| Untracked 
| 102|0x0000000086600000, 0x0000000086700000, 0x0000000086700000|100%| O|  |TAMS 0x0000000086700000, 0x0000000086600000| Untracked 
| 103|0x0000000086700000, 0x0000000086800000, 0x0000000086800000|100%| O|  |TAMS 0x0000000086800000, 0x0000000086700000| Untracked 
| 104|0x0000000086800000, 0x0000000086900000, 0x0000000086900000|100%| O|  |TAMS 0x0000000086900000, 0x0000000086800000| Untracked 
| 105|0x0000000086900000, 0x0000000086a00000, 0x0000000086a00000|100%| O|  |TAMS 0x0000000086a00000, 0x0000000086900000| Untracked 
| 106|0x0000000086a00000, 0x0000000086b00000, 0x0000000086b00000|100%| O|  |TAMS 0x0000000086b00000, 0x0000000086a00000| Untracked 
| 107|0x0000000086b00000, 0x0000000086c00000, 0x0000000086c00000|100%| O|  |TAMS 0x0000000086c00000, 0x0000000086b00000| Untracked 
| 108|0x0000000086c00000, 0x0000000086d00000, 0x0000000086d00000|100%| O|  |TAMS 0x0000000086d00000, 0x0000000086c00000| Untracked 
| 109|0x0000000086d00000, 0x0000000086e00000, 0x0000000086e00000|100%| O|  |TAMS 0x0000000086e00000, 0x0000000086d00000| Untracked 
| 110|0x0000000086e00000, 0x0000000086f00000, 0x0000000086f00000|100%| O|  |TAMS 0x0000000086f00000, 0x0000000086e00000| Untracked 
| 111|0x0000000086f00000, 0x0000000087000000, 0x0000000087000000|100%| O|  |TAMS 0x0000000087000000, 0x0000000086f00000| Untracked 
| 112|0x0000000087000000, 0x0000000087100000, 0x0000000087100000|100%| O|  |TAMS 0x0000000087100000, 0x0000000087000000| Untracked 
| 113|0x0000000087100000, 0x0000000087200000, 0x0000000087200000|100%| O|  |TAMS 0x0000000087200000, 0x0000000087100000| Untracked 
| 114|0x0000000087200000, 0x0000000087300000, 0x0000000087300000|100%| O|  |TAMS 0x0000000087300000, 0x0000000087200000| Untracked 
| 115|0x0000000087300000, 0x0000000087400000, 0x0000000087400000|100%| O|  |TAMS 0x0000000087400000, 0x0000000087300000| Untracked 
| 116|0x0000000087400000, 0x0000000087500000, 0x0000000087500000|100%| O|  |TAMS 0x0000000087500000, 0x0000000087400000| Complete 
| 117|0x0000000087500000, 0x0000000087600000, 0x0000000087600000|100%| O|  |TAMS 0x0000000087600000, 0x0000000087500000| Untracked 
| 118|0x0000000087600000, 0x0000000087700000, 0x0000000087700000|100%| O|  |TAMS 0x0000000087700000, 0x0000000087600000| Untracked 
| 119|0x0000000087700000, 0x0000000087800000, 0x0000000087800000|100%| O|  |TAMS 0x0000000087800000, 0x0000000087700000| Untracked 
| 120|0x0000000087800000, 0x0000000087900000, 0x0000000087900000|100%| O|  |TAMS 0x0000000087900000, 0x0000000087800000| Untracked 
| 121|0x0000000087900000, 0x0000000087a00000, 0x0000000087a00000|100%| O|  |TAMS 0x0000000087a00000, 0x0000000087900000| Untracked 
| 122|0x0000000087a00000, 0x0000000087b00000, 0x0000000087b00000|100%| O|  |TAMS 0x0000000087b00000, 0x0000000087a00000| Untracked 
| 123|0x0000000087b00000, 0x0000000087c00000, 0x0000000087c00000|100%| O|  |TAMS 0x0000000087c00000, 0x0000000087b00000| Untracked 
| 124|0x0000000087c00000, 0x0000000087d00000, 0x0000000087d00000|100%| O|  |TAMS 0x0000000087d00000, 0x0000000087c00000| Untracked 
| 125|0x0000000087d00000, 0x0000000087e00000, 0x0000000087e00000|100%| O|  |TAMS 0x0000000087e00000, 0x0000000087d00000| Untracked 
| 126|0x0000000087e00000, 0x0000000087f00000, 0x0000000087f00000|100%| O|  |TAMS 0x0000000087f00000, 0x0000000087e00000| Complete 
| 127|0x0000000087f00000, 0x0000000088000000, 0x0000000088000000|100%| O|  |TAMS 0x0000000088000000, 0x0000000087f00000| Complete 
| 128|0x0000000088000000, 0x0000000088100000, 0x0000000088100000|100%| O|  |TAMS 0x0000000088100000, 0x0000000088000000| Untracked 
| 129|0x0000000088100000, 0x0000000088200000, 0x0000000088200000|100%| O|  |TAMS 0x0000000088100000, 0x0000000088100000| Untracked 
| 130|0x0000000088200000, 0x0000000088300000, 0x0000000088300000|100%| O|  |TAMS 0x0000000088300000, 0x0000000088200000| Complete 
| 131|0x0000000088300000, 0x0000000088400000, 0x0000000088400000|100%| O|  |TAMS 0x0000000088300000, 0x0000000088300000| Untracked 
| 132|0x0000000088400000, 0x0000000088500000, 0x0000000088500000|100%| O|  |TAMS 0x0000000088400000, 0x0000000088400000| Untracked 
| 133|0x0000000088500000, 0x0000000088600000, 0x0000000088600000|100%| O|  |TAMS 0x0000000088500000, 0x0000000088500000| Untracked 
| 134|0x0000000088600000, 0x0000000088700000, 0x0000000088700000|100%| O|  |TAMS 0x0000000088700000, 0x0000000088600000| Untracked 
| 135|0x0000000088700000, 0x0000000088800000, 0x0000000088800000|100%| O|  |TAMS 0x0000000088700000, 0x0000000088700000| Untracked 
| 136|0x0000000088800000, 0x0000000088900000, 0x0000000088900000|100%| O|  |TAMS 0x0000000088900000, 0x0000000088800000| Untracked 
| 137|0x0000000088900000, 0x0000000088a00000, 0x0000000088a00000|100%| O|  |TAMS 0x0000000088a00000, 0x0000000088900000| Untracked 
| 138|0x0000000088a00000, 0x0000000088b00000, 0x0000000088b00000|100%| O|  |TAMS 0x0000000088b00000, 0x0000000088a00000| Untracked 
| 139|0x0000000088b00000, 0x0000000088c00000, 0x0000000088c00000|100%| O|  |TAMS 0x0000000088c00000, 0x0000000088b00000| Untracked 
| 140|0x0000000088c00000, 0x0000000088d00000, 0x0000000088d00000|100%| O|  |TAMS 0x0000000088d00000, 0x0000000088c00000| Untracked 
| 141|0x0000000088d00000, 0x0000000088e00000, 0x0000000088e00000|100%| O|  |TAMS 0x0000000088e00000, 0x0000000088d00000| Complete 
| 142|0x0000000088e00000, 0x0000000088f00000, 0x0000000088f00000|100%| O|  |TAMS 0x0000000088e00000, 0x0000000088e00000| Untracked 
| 143|0x0000000088f00000, 0x0000000089000000, 0x0000000089000000|100%| O|  |TAMS 0x0000000088f00000, 0x0000000088f00000| Untracked 
| 144|0x0000000089000000, 0x0000000089100000, 0x0000000089100000|100%| O|  |TAMS 0x0000000089000000, 0x0000000089000000| Untracked 
| 145|0x0000000089100000, 0x0000000089200000, 0x0000000089200000|100%| O|  |TAMS 0x0000000089100000, 0x0000000089100000| Untracked 
| 146|0x0000000089200000, 0x0000000089300000, 0x0000000089300000|100%| O|  |TAMS 0x0000000089200000, 0x0000000089200000| Untracked 
| 147|0x0000000089300000, 0x0000000089400000, 0x0000000089400000|100%| O|  |TAMS 0x0000000089300000, 0x0000000089300000| Untracked 
| 148|0x0000000089400000, 0x0000000089500000, 0x0000000089500000|100%| O|  |TAMS 0x0000000089400000, 0x0000000089400000| Untracked 
| 149|0x0000000089500000, 0x0000000089600000, 0x0000000089600000|100%| O|  |TAMS 0x0000000089500000, 0x0000000089500000| Untracked 
| 150|0x0000000089600000, 0x0000000089700000, 0x0000000089700000|100%| O|  |TAMS 0x0000000089600000, 0x0000000089600000| Untracked 
| 151|0x0000000089700000, 0x0000000089800000, 0x0000000089800000|100%| O|  |TAMS 0x0000000089700000, 0x0000000089700000| Untracked 
| 152|0x0000000089800000, 0x00000000898a2e00, 0x0000000089900000| 63%| O|  |TAMS 0x0000000089800000, 0x0000000089800000| Untracked 
| 153|0x0000000089900000, 0x0000000089900000, 0x0000000089a00000|  0%| F|  |TAMS 0x0000000089900000, 0x0000000089900000| Untracked 
| 154|0x0000000089a00000, 0x0000000089a00000, 0x0000000089b00000|  0%| F|  |TAMS 0x0000000089a00000, 0x0000000089a00000| Untracked 
| 155|0x0000000089b00000, 0x0000000089b00000, 0x0000000089c00000|  0%| F|  |TAMS 0x0000000089b00000, 0x0000000089b00000| Untracked 
| 156|0x0000000089c00000, 0x0000000089c00000, 0x0000000089d00000|  0%| F|  |TAMS 0x0000000089c00000, 0x0000000089c00000| Untracked 
| 157|0x0000000089d00000, 0x0000000089d00000, 0x0000000089e00000|  0%| F|  |TAMS 0x0000000089d00000, 0x0000000089d00000| Untracked 
| 158|0x0000000089e00000, 0x0000000089e00000, 0x0000000089f00000|  0%| F|  |TAMS 0x0000000089e00000, 0x0000000089e00000| Untracked 
| 159|0x0000000089f00000, 0x0000000089f00000, 0x000000008a000000|  0%| F|  |TAMS 0x0000000089f00000, 0x0000000089f00000| Untracked 
| 160|0x000000008a000000, 0x000000008a000000, 0x000000008a100000|  0%| F|  |TAMS 0x000000008a000000, 0x000000008a000000| Untracked 
| 161|0x000000008a100000, 0x000000008a100000, 0x000000008a200000|  0%| F|  |TAMS 0x000000008a100000, 0x000000008a100000| Untracked 
| 162|0x000000008a200000, 0x000000008a200000, 0x000000008a300000|  0%| F|  |TAMS 0x000000008a200000, 0x000000008a200000| Untracked 
| 163|0x000000008a300000, 0x000000008a300000, 0x000000008a400000|  0%| F|  |TAMS 0x000000008a300000, 0x000000008a300000| Untracked 
| 164|0x000000008a400000, 0x000000008a500000, 0x000000008a500000|100%| O|  |TAMS 0x000000008a400000, 0x000000008a400000| Untracked 
| 165|0x000000008a500000, 0x000000008a600000, 0x000000008a600000|100%| O|  |TAMS 0x000000008a500000, 0x000000008a500000| Untracked 
| 166|0x000000008a600000, 0x000000008a700000, 0x000000008a700000|100%| O|  |TAMS 0x000000008a600000, 0x000000008a600000| Untracked 
| 167|0x000000008a700000, 0x000000008a700000, 0x000000008a800000|  0%| F|  |TAMS 0x000000008a700000, 0x000000008a700000| Untracked 
| 168|0x000000008a800000, 0x000000008a800000, 0x000000008a900000|  0%| F|  |TAMS 0x000000008a800000, 0x000000008a800000| Untracked 
| 169|0x000000008a900000, 0x000000008a900000, 0x000000008aa00000|  0%| F|  |TAMS 0x000000008a900000, 0x000000008a900000| Untracked 
| 170|0x000000008aa00000, 0x000000008aa00000, 0x000000008ab00000|  0%| F|  |TAMS 0x000000008aa00000, 0x000000008aa00000| Untracked 
| 171|0x000000008ab00000, 0x000000008ab00000, 0x000000008ac00000|  0%| F|  |TAMS 0x000000008ab00000, 0x000000008ab00000| Untracked 
| 172|0x000000008ac00000, 0x000000008ac00000, 0x000000008ad00000|  0%| F|  |TAMS 0x000000008ac00000, 0x000000008ac00000| Untracked 
| 173|0x000000008ad00000, 0x000000008ad00000, 0x000000008ae00000|  0%| F|  |TAMS 0x000000008ad00000, 0x000000008ad00000| Untracked 
| 174|0x000000008ae00000, 0x000000008ae00000, 0x000000008af00000|  0%| F|  |TAMS 0x000000008ae00000, 0x000000008ae00000| Untracked 
| 175|0x000000008af00000, 0x000000008af00000, 0x000000008b000000|  0%| F|  |TAMS 0x000000008af00000, 0x000000008af00000| Untracked 
| 176|0x000000008b000000, 0x000000008b000000, 0x000000008b100000|  0%| F|  |TAMS 0x000000008b000000, 0x000000008b000000| Untracked 
| 177|0x000000008b100000, 0x000000008b100000, 0x000000008b200000|  0%| F|  |TAMS 0x000000008b100000, 0x000000008b100000| Untracked 
| 178|0x000000008b200000, 0x000000008b200000, 0x000000008b300000|  0%| F|  |TAMS 0x000000008b200000, 0x000000008b200000| Untracked 
| 179|0x000000008b300000, 0x000000008b300000, 0x000000008b400000|  0%| F|  |TAMS 0x000000008b300000, 0x000000008b300000| Untracked 
| 180|0x000000008b400000, 0x000000008b400000, 0x000000008b500000|  0%| F|  |TAMS 0x000000008b400000, 0x000000008b400000| Untracked 
| 181|0x000000008b500000, 0x000000008b500000, 0x000000008b600000|  0%| F|  |TAMS 0x000000008b500000, 0x000000008b500000| Untracked 
| 182|0x000000008b600000, 0x000000008b600000, 0x000000008b700000|  0%| F|  |TAMS 0x000000008b600000, 0x000000008b600000| Untracked 
| 183|0x000000008b700000, 0x000000008b700000, 0x000000008b800000|  0%| F|  |TAMS 0x000000008b700000, 0x000000008b700000| Untracked 
| 184|0x000000008b800000, 0x000000008b800000, 0x000000008b900000|  0%| F|  |TAMS 0x000000008b800000, 0x000000008b800000| Untracked 
| 185|0x000000008b900000, 0x000000008b900000, 0x000000008ba00000|  0%| F|  |TAMS 0x000000008b900000, 0x000000008b900000| Untracked 
| 186|0x000000008ba00000, 0x000000008ba00000, 0x000000008bb00000|  0%| F|  |TAMS 0x000000008ba00000, 0x000000008ba00000| Untracked 
| 187|0x000000008bb00000, 0x000000008bb00000, 0x000000008bc00000|  0%| F|  |TAMS 0x000000008bb00000, 0x000000008bb00000| Untracked 
| 188|0x000000008bc00000, 0x000000008bc00000, 0x000000008bd00000|  0%| F|  |TAMS 0x000000008bc00000, 0x000000008bc00000| Untracked 
| 189|0x000000008bd00000, 0x000000008bd00000, 0x000000008be00000|  0%| F|  |TAMS 0x000000008bd00000, 0x000000008bd00000| Untracked 
| 190|0x000000008be00000, 0x000000008be00000, 0x000000008bf00000|  0%| F|  |TAMS 0x000000008be00000, 0x000000008be00000| Untracked 
| 191|0x000000008bf00000, 0x000000008bf00000, 0x000000008c000000|  0%| F|  |TAMS 0x000000008bf00000, 0x000000008bf00000| Untracked 
| 192|0x000000008c000000, 0x000000008c000000, 0x000000008c100000|  0%| F|  |TAMS 0x000000008c000000, 0x000000008c000000| Untracked 
| 193|0x000000008c100000, 0x000000008c100000, 0x000000008c200000|  0%| F|  |TAMS 0x000000008c100000, 0x000000008c100000| Untracked 
| 194|0x000000008c200000, 0x000000008c200000, 0x000000008c300000|  0%| F|  |TAMS 0x000000008c200000, 0x000000008c200000| Untracked 
| 195|0x000000008c300000, 0x000000008c300000, 0x000000008c400000|  0%| F|  |TAMS 0x000000008c300000, 0x000000008c300000| Untracked 
| 196|0x000000008c400000, 0x000000008c400000, 0x000000008c500000|  0%| F|  |TAMS 0x000000008c400000, 0x000000008c400000| Untracked 
| 197|0x000000008c500000, 0x000000008c500000, 0x000000008c600000|  0%| F|  |TAMS 0x000000008c500000, 0x000000008c500000| Untracked 
| 198|0x000000008c600000, 0x000000008c600000, 0x000000008c700000|  0%| F|  |TAMS 0x000000008c600000, 0x000000008c600000| Untracked 
| 199|0x000000008c700000, 0x000000008c700000, 0x000000008c800000|  0%| F|  |TAMS 0x000000008c700000, 0x000000008c700000| Untracked 
| 200|0x000000008c800000, 0x000000008c800000, 0x000000008c900000|  0%| F|  |TAMS 0x000000008c800000, 0x000000008c800000| Untracked 
| 201|0x000000008c900000, 0x000000008c900000, 0x000000008ca00000|  0%| F|  |TAMS 0x000000008c900000, 0x000000008c900000| Untracked 
| 202|0x000000008ca00000, 0x000000008ca00000, 0x000000008cb00000|  0%| F|  |TAMS 0x000000008ca00000, 0x000000008ca00000| Untracked 
| 203|0x000000008cb00000, 0x000000008cb00000, 0x000000008cc00000|  0%| F|  |TAMS 0x000000008cb00000, 0x000000008cb00000| Untracked 
| 204|0x000000008cc00000, 0x000000008cc00000, 0x000000008cd00000|  0%| F|  |TAMS 0x000000008cc00000, 0x000000008cc00000| Untracked 
| 205|0x000000008cd00000, 0x000000008cd00000, 0x000000008ce00000|  0%| F|  |TAMS 0x000000008cd00000, 0x000000008cd00000| Untracked 
| 206|0x000000008ce00000, 0x000000008ce00000, 0x000000008cf00000|  0%| F|  |TAMS 0x000000008ce00000, 0x000000008ce00000| Untracked 
| 207|0x000000008cf00000, 0x000000008cf00000, 0x000000008d000000|  0%| F|  |TAMS 0x000000008cf00000, 0x000000008cf00000| Untracked 
| 208|0x000000008d000000, 0x000000008d000000, 0x000000008d100000|  0%| F|  |TAMS 0x000000008d000000, 0x000000008d000000| Untracked 
| 209|0x000000008d100000, 0x000000008d100000, 0x000000008d200000|  0%| F|  |TAMS 0x000000008d100000, 0x000000008d100000| Untracked 
| 210|0x000000008d200000, 0x000000008d200000, 0x000000008d300000|  0%| F|  |TAMS 0x000000008d200000, 0x000000008d200000| Untracked 
| 211|0x000000008d300000, 0x000000008d300000, 0x000000008d400000|  0%| F|  |TAMS 0x000000008d300000, 0x000000008d300000| Untracked 
| 212|0x000000008d400000, 0x000000008d400000, 0x000000008d500000|  0%| F|  |TAMS 0x000000008d400000, 0x000000008d400000| Untracked 
| 213|0x000000008d500000, 0x000000008d500000, 0x000000008d600000|  0%| F|  |TAMS 0x000000008d500000, 0x000000008d500000| Untracked 
| 214|0x000000008d600000, 0x000000008d6bd2c0, 0x000000008d700000| 73%| S|CS|TAMS 0x000000008d600000, 0x000000008d600000| Complete 
| 215|0x000000008d700000, 0x000000008d800000, 0x000000008d800000|100%| S|CS|TAMS 0x000000008d700000, 0x000000008d700000| Complete 
| 216|0x000000008d800000, 0x000000008d800000, 0x000000008d900000|  0%| F|  |TAMS 0x000000008d800000, 0x000000008d800000| Untracked 
| 217|0x000000008d900000, 0x000000008d900000, 0x000000008da00000|  0%| F|  |TAMS 0x000000008d900000, 0x000000008d900000| Untracked 
| 218|0x000000008da00000, 0x000000008da00000, 0x000000008db00000|  0%| F|  |TAMS 0x000000008da00000, 0x000000008da00000| Untracked 
| 219|0x000000008db00000, 0x000000008db00000, 0x000000008dc00000|  0%| F|  |TAMS 0x000000008db00000, 0x000000008db00000| Untracked 
| 220|0x000000008dc00000, 0x000000008dc00000, 0x000000008dd00000|  0%| F|  |TAMS 0x000000008dc00000, 0x000000008dc00000| Untracked 
| 221|0x000000008dd00000, 0x000000008dd00000, 0x000000008de00000|  0%| F|  |TAMS 0x000000008dd00000, 0x000000008dd00000| Untracked 
| 222|0x000000008de00000, 0x000000008de00000, 0x000000008df00000|  0%| F|  |TAMS 0x000000008de00000, 0x000000008de00000| Untracked 

Card table byte_map: [0x00000244f8070000,0x00000244f8470000] _byte_map_base: 0x00000244f7c70000

Marking Bits (Prev, Next): (CMBitMap*) 0x00000244e4765e58, (CMBitMap*) 0x00000244e4765e90
 Prev Bits: [0x00000244f8870000, 0x00000244fa870000)
 Next Bits: [0x00000244fa870000, 0x00000244fc870000)

Polling page: 0x00000244e2f00000

Metaspace:

Usage:
  Non-class:    109.42 MB capacity,   107.05 MB ( 98%) used,     1.91 MB (  2%) free+waste,   460.75 KB ( <1%) overhead. 
      Class:     16.65 MB capacity,    15.25 MB ( 92%) used,     1.21 MB (  7%) free+waste,   202.75 KB (  1%) overhead. 
       Both:    126.07 MB capacity,   122.30 MB ( 97%) used,     3.12 MB (  2%) free+waste,   663.50 KB ( <1%) overhead. 

Virtual space:
  Non-class space:      110.00 MB reserved,     109.50 MB (>99%) committed 
      Class space:        1.00 GB reserved,      16.75 MB (  2%) committed 
             Both:        1.11 GB reserved,     126.25 MB ( 11%) committed 

Chunk freelists:
   Non-Class:  84.00 KB
       Class:  3.00 KB
        Both:  87.00 KB

MaxMetaspaceSize: 17179869184.00 GB
CompressedClassSpaceSize: 1.00 GB

CodeHeap 'non-profiled nmethods': size=120000Kb used=17327Kb max_used=17647Kb free=102672Kb
 bounds [0x00000244efce0000, 0x00000244f0e30000, 0x00000244f7210000]
CodeHeap 'profiled nmethods': size=120000Kb used=49340Kb max_used=49864Kb free=70659Kb
 bounds [0x00000244e87b0000, 0x00000244eb8a0000, 0x00000244efce0000]
CodeHeap 'non-nmethods': size=5760Kb used=2371Kb max_used=2422Kb free=3388Kb
 bounds [0x00000244e8210000, 0x00000244e8490000, 0x00000244e87b0000]
 total_blobs=24046 nmethods=23069 adapters=886
 compilation: enabled
              stopped_count=0, restarted_count=0
 full_count=0

Compilation events (20 events):
Event: 19044.433 Thread 0x00000244ff36e000 nmethod 25874 0x00000244e9cb8c90 code [0x00000244e9cb8e60, 0x00000244e9cb9028]
Event: 19044.433 Thread 0x00000244ff36e000 25880       2       com.android.aapt.Resources$ConfigValue::writeTo (41 bytes)
Event: 19044.433 Thread 0x00000244ff36e000 nmethod 25880 0x00000244e9cbbf10 code [0x00000244e9cbc0e0, 0x00000244e9cbc2c8]
Event: 19044.433 Thread 0x00000244ff36e000 25881       2       com.android.aapt.ConfigurationOuterClass$Configuration::writeTo (519 bytes)
Event: 19044.435 Thread 0x00000244ff36e000 nmethod 25881 0x00000244e9d11a90 code [0x00000244e9d11ec0, 0x00000244e9d130f8]
Event: 19044.435 Thread 0x00000244ff36e000 25892 %     3       kotlin.text.StringsKt__StringsKt::indexOf$StringsKt__StringsKt @ 106 (231 bytes)
Event: 19044.437 Thread 0x00000244ff36e000 nmethod 25892% 0x00000244e9d3db90 code [0x00000244e9d3df00, 0x00000244e9d3f838]
Event: 19044.437 Thread 0x00000244ff36e000 25894 %     3       com.sun.xml.internal.stream.events.XMLEventAllocatorImpl::fillAttributes @ 19 (103 bytes)
Event: 19044.438 Thread 0x00000244ff36e000 nmethod 25894% 0x00000244e9d17790 code [0x00000244e9d17a00, 0x00000244e9d18658]
Event: 19044.438 Thread 0x00000244ff36e000 25818       2       com.android.aapt.Resources$Value$Builder::build (19 bytes)
Event: 19044.438 Thread 0x00000244ff36e000 nmethod 25818 0x00000244e9cece10 code [0x00000244e9cecfe0, 0x00000244e9ced208]
Event: 19044.438 Thread 0x00000244ff36e000 25878       2       com.android.aapt.Resources$Item::writeTo (153 bytes)
Event: 19044.438 Thread 0x00000244ff36e000 nmethod 25878 0x00000244e9cf9c90 code [0x00000244e9cf9ec0, 0x00000244e9cfa358]
Event: 19044.438 Thread 0x00000244ff36e000 25882       2       com.android.aapt.Resources$Visibility::writeTo (82 bytes)
Event: 19044.439 Thread 0x00000244ff36e000 nmethod 25882 0x00000244e9d10e90 code [0x00000244e9d110e0, 0x00000244e9d11768]
Event: 19044.439 Thread 0x00000244ff36e000 25773       2       com.android.aapt.ConfigurationOuterClass$Configuration$Builder::setOrientation (26 bytes)
Event: 19044.439 Thread 0x00000244ff36e000 nmethod 25773 0x00000244e9d17110 code [0x00000244e9d17300, 0x00000244e9d175c8]
Event: 19044.439 Thread 0x00000244ff36e000 25767       2       com.android.aaptcompiler.proto.ProtoSerializeKt::serializeConfigToPb (884 bytes)
Event: 19044.441 Thread 0x00000244ff36c000 nmethod 25462 0x00000244f01eac90 code [0x00000244f01eae60, 0x00000244f01eb5b8]
Event: 19044.441 Thread 0x00000244ff36c000 25895       4       com.sun.org.apache.xerces.internal.impl.XMLEntityScanner::scanQName (502 bytes)

GC Heap History (20 events):
Event: 19042.878 GC heap after
{Heap after GC invocations=101 (full 0):
 garbage-first heap   total 228352K, used 140953K [0x0000000080000000, 0x0000000100000000)
  region size 1024K, 7 young (7168K), 7 survivors (7168K)
 Metaspace       used 120367K, capacity 124247K, committed 124416K, reserved 1157120K
  class space    used 15204K, capacity 16587K, committed 16640K, reserved 1048576K
}
Event: 19042.943 GC heap before
{Heap before GC invocations=101 (full 0):
 garbage-first heap   total 228352K, used 145049K [0x0000000080000000, 0x0000000100000000)
  region size 1024K, 11 young (11264K), 7 survivors (7168K)
 Metaspace       used 120985K, capacity 124823K, committed 125056K, reserved 1157120K
  class space    used 15277K, capacity 16651K, committed 16768K, reserved 1048576K
}
Event: 19042.961 GC heap after
{Heap after GC invocations=102 (full 0):
 garbage-first heap   total 228352K, used 140052K [0x0000000080000000, 0x0000000100000000)
  region size 1024K, 2 young (2048K), 2 survivors (2048K)
 Metaspace       used 120985K, capacity 124823K, committed 125056K, reserved 1157120K
  class space    used 15277K, capacity 16651K, committed 16768K, reserved 1048576K
}
Event: 19043.218 GC heap before
{Heap before GC invocations=102 (full 0):
 garbage-first heap   total 228352K, used 183060K [0x0000000080000000, 0x0000000100000000)
  region size 1024K, 44 young (45056K), 2 survivors (2048K)
 Metaspace       used 121350K, capacity 125194K, committed 125312K, reserved 1157120K
  class space    used 15302K, capacity 16687K, committed 16768K, reserved 1048576K
}
Event: 19043.223 GC heap after
{Heap after GC invocations=103 (full 0):
 garbage-first heap   total 228352K, used 139369K [0x0000000080000000, 0x0000000100000000)
  region size 1024K, 1 young (1024K), 1 survivors (1024K)
 Metaspace       used 121350K, capacity 125194K, committed 125312K, reserved 1157120K
  class space    used 15302K, capacity 16687K, committed 16768K, reserved 1048576K
}
Event: 19043.423 GC heap before
{Heap before GC invocations=103 (full 0):
 garbage-first heap   total 228352K, used 186473K [0x0000000080000000, 0x0000000100000000)
  region size 1024K, 47 young (48128K), 1 survivors (1024K)
 Metaspace       used 121356K, capacity 125194K, committed 125312K, reserved 1157120K
  class space    used 15302K, capacity 16687K, committed 16768K, reserved 1048576K
}
Event: 19043.432 GC heap after
{Heap after GC invocations=104 (full 0):
 garbage-first heap   total 228352K, used 139329K [0x0000000080000000, 0x0000000100000000)
  region size 1024K, 1 young (1024K), 1 survivors (1024K)
 Metaspace       used 121356K, capacity 125194K, committed 125312K, reserved 1157120K
  class space    used 15302K, capacity 16687K, committed 16768K, reserved 1048576K
}
Event: 19043.533 GC heap before
{Heap before GC invocations=105 (full 0):
 garbage-first heap   total 228352K, used 189505K [0x0000000080000000, 0x0000000100000000)
  region size 1024K, 50 young (51200K), 1 survivors (1024K)
 Metaspace       used 121356K, capacity 125194K, committed 125312K, reserved 1157120K
  class space    used 15302K, capacity 16687K, committed 16768K, reserved 1048576K
}
Event: 19043.535 GC heap after
{Heap after GC invocations=106 (full 0):
 garbage-first heap   total 228352K, used 139323K [0x0000000080000000, 0x0000000100000000)
  region size 1024K, 1 young (1024K), 1 survivors (1024K)
 Metaspace       used 121356K, capacity 125194K, committed 125312K, reserved 1157120K
  class space    used 15302K, capacity 16687K, committed 16768K, reserved 1048576K
}
Event: 19043.580 GC heap before
{Heap before GC invocations=106 (full 0):
 garbage-first heap   total 228352K, used 149563K [0x0000000080000000, 0x0000000100000000)
  region size 1024K, 11 young (11264K), 1 survivors (1024K)
 Metaspace       used 121359K, capacity 125195K, committed 125312K, reserved 1157120K
  class space    used 15302K, capacity 16687K, committed 16768K, reserved 1048576K
}
Event: 19043.587 GC heap after
{Heap after GC invocations=107 (full 0):
 garbage-first heap   total 228352K, used 138124K [0x0000000080000000, 0x0000000100000000)
  region size 1024K, 1 young (1024K), 1 survivors (1024K)
 Metaspace       used 121359K, capacity 125195K, committed 125312K, reserved 1157120K
  class space    used 15302K, capacity 16687K, committed 16768K, reserved 1048576K
}
Event: 19043.743 GC heap before
{Heap before GC invocations=107 (full 0):
 garbage-first heap   total 228352K, used 152460K [0x0000000080000000, 0x0000000100000000)
  region size 1024K, 17 young (17408K), 1 survivors (1024K)
 Metaspace       used 121444K, capacity 125329K, committed 125568K, reserved 1159168K
  class space    used 15309K, capacity 16689K, committed 16768K, reserved 1048576K
}
Event: 19043.760 GC heap after
{Heap after GC invocations=108 (full 0):
 garbage-first heap   total 228352K, used 145570K [0x0000000080000000, 0x0000000100000000)
  region size 1024K, 7 young (7168K), 7 survivors (7168K)
 Metaspace       used 121444K, capacity 125329K, committed 125568K, reserved 1159168K
  class space    used 15309K, capacity 16689K, committed 16768K, reserved 1048576K
}
Event: 19044.021 GC heap before
{Heap before GC invocations=108 (full 0):
 garbage-first heap   total 228352K, used 209058K [0x0000000080000000, 0x0000000100000000)
  region size 1024K, 44 young (45056K), 7 survivors (7168K)
 Metaspace       used 121915K, capacity 125807K, committed 126080K, reserved 1159168K
  class space    used 15342K, capacity 16733K, committed 16768K, reserved 1048576K
}
Event: 19044.032 GC heap after
{Heap after GC invocations=109 (full 0):
 garbage-first heap   total 228352K, used 151303K [0x0000000080000000, 0x0000000100000000)
  region size 1024K, 6 young (6144K), 6 survivors (6144K)
 Metaspace       used 121915K, capacity 125807K, committed 126080K, reserved 1159168K
  class space    used 15342K, capacity 16733K, committed 16768K, reserved 1048576K
}
Event: 19044.280 GC heap before
{Heap before GC invocations=109 (full 0):
 garbage-first heap   total 228352K, used 185095K [0x0000000080000000, 0x0000000100000000)
  region size 1024K, 40 young (40960K), 6 survivors (6144K)
 Metaspace       used 124833K, capacity 128681K, committed 128896K, reserved 1161216K
  class space    used 15589K, capacity 17021K, committed 17024K, reserved 1048576K
}
Event: 19044.296 GC heap after
{Heap after GC invocations=110 (full 0):
 garbage-first heap   total 228352K, used 156584K [0x0000000080000000, 0x0000000100000000)
  region size 1024K, 5 young (5120K), 5 survivors (5120K)
 Metaspace       used 124833K, capacity 128681K, committed 128896K, reserved 1161216K
  class space    used 15589K, capacity 17021K, committed 17024K, reserved 1048576K
}
Event: 19044.424 GC heap before
{Heap before GC invocations=111 (full 0):
 garbage-first heap   total 228352K, used 188328K [0x0000000080000000, 0x0000000100000000)
  region size 1024K, 37 young (37888K), 5 survivors (5120K)
 Metaspace       used 125193K, capacity 129097K, committed 129280K, reserved 1161216K
  class space    used 15611K, capacity 17053K, committed 17152K, reserved 1048576K
}
Event: 19044.430 GC heap after
{Heap after GC invocations=112 (full 0):
 garbage-first heap   total 228352K, used 160165K [0x0000000080000000, 0x0000000100000000)
  region size 1024K, 4 young (4096K), 4 survivors (4096K)
 Metaspace       used 125193K, capacity 129097K, committed 129280K, reserved 1161216K
  class space    used 15611K, capacity 17053K, committed 17152K, reserved 1048576K
}
Event: 19044.445 GC heap before
{Heap before GC invocations=112 (full 0):
 garbage-first heap   total 228352K, used 167333K [0x0000000080000000, 0x0000000100000000)
  region size 1024K, 11 young (11264K), 4 survivors (4096K)
 Metaspace       used 125238K, capacity 129097K, committed 129280K, reserved 1161216K
  class space    used 15614K, capacity 17053K, committed 17152K, reserved 1048576K
}

Deoptimization events (20 events):
Event: 19044.348 Thread 0x0000024483581000 DEOPT PACKING pc=0x00000244e950af71 sp=0x0000004dcc0fcfd0
Event: 19044.348 Thread 0x0000024483581000 DEOPT UNPACKING pc=0x00000244e8238ede sp=0x0000004dcc0fc488 mode 0
Event: 19044.356 Thread 0x0000024485fce000 DEOPT PACKING pc=0x00000244e950af71 sp=0x0000004dcbefcb10
Event: 19044.356 Thread 0x0000024485fce000 DEOPT UNPACKING pc=0x00000244e8238ede sp=0x0000004dcbefbfc8 mode 0
Event: 19044.361 Thread 0x000002448357d800 DEOPT PACKING pc=0x00000244e950af71 sp=0x0000004dcb9fcf20
Event: 19044.361 Thread 0x000002448357d800 DEOPT UNPACKING pc=0x00000244e8238ede sp=0x0000004dcb9fc3d8 mode 0
Event: 19044.368 Thread 0x0000024485fce000 DEOPT PACKING pc=0x00000244e950af71 sp=0x0000004dcbefcc00
Event: 19044.368 Thread 0x0000024485fce000 DEOPT UNPACKING pc=0x00000244e8238ede sp=0x0000004dcbefc0b8 mode 0
Event: 19044.372 Thread 0x000002448357f000 DEOPT PACKING pc=0x00000244e950af71 sp=0x0000004dcc3fd390
Event: 19044.372 Thread 0x000002448357f000 DEOPT UNPACKING pc=0x00000244e8238ede sp=0x0000004dcc3fc848 mode 0
Event: 19044.383 Thread 0x000002448357e800 DEOPT PACKING pc=0x00000244e950af71 sp=0x0000004dcc1fd590
Event: 19044.383 Thread 0x000002448357e800 DEOPT UNPACKING pc=0x00000244e8238ede sp=0x0000004dcc1fca48 mode 0
Event: 19044.396 Thread 0x000002448357d800 DEOPT PACKING pc=0x00000244e950af71 sp=0x0000004dcb9fcc50
Event: 19044.396 Thread 0x000002448357d800 DEOPT UNPACKING pc=0x00000244e8238ede sp=0x0000004dcb9fc108 mode 0
Event: 19044.399 Thread 0x0000024483581000 DEOPT PACKING pc=0x00000244e985140f sp=0x0000004dcc0fd730
Event: 19044.400 Thread 0x0000024483581000 DEOPT UNPACKING pc=0x00000244e8238ede sp=0x0000004dcc0fcc28 mode 0
Event: 19044.404 Thread 0x0000024483578000 DEOPT PACKING pc=0x00000244e950af71 sp=0x0000004dcbffcfe0
Event: 19044.404 Thread 0x0000024483578000 DEOPT UNPACKING pc=0x00000244e8238ede sp=0x0000004dcbffc498 mode 0
Event: 19044.404 Thread 0x0000024483578000 DEOPT PACKING pc=0x00000244e8ba88c9 sp=0x0000004dcbffd5a0
Event: 19044.404 Thread 0x0000024483578000 DEOPT UNPACKING pc=0x00000244e8238ede sp=0x0000004dcbffca30 mode 0

Classes redefined (0 events):
No events

Internal exceptions (20 events):
Event: 19038.970 Thread 0x0000024485fcd800 Exception <a 'sun/nio/fs/WindowsException'{0x000000008bd94b38}> (0x000000008bd94b38) thrown at [./src/hotspot/share/prims/jni.cpp, line 615]
Event: 19041.656 Thread 0x0000024485fcc000 Exception <a 'java/lang/NoSuchMethodError'{0x000000008a250f20}: 'java.lang.Object java.lang.invoke.DelegatingMethodHandle$Holder.reinvoke_L(java.lang.Object, int, int, java.lang.Object, java.lang.Object, java.lang.Object)'> (0x000000008a250f20) thrown at [./src/hotspot/share/interpreter/linkResolver.cpp, line 773]
Event: 19041.945 Thread 0x0000024485fcc000 Exception <a 'java/lang/NoSuchMethodError'{0x000000008d78f0d8}: <clinit>> (0x000000008d78f0d8) thrown at [./src/hotspot/share/prims/jni.cpp, line 1362]
Event: 19041.946 Thread 0x0000024485fcc000 Exception <a 'java/lang/NoSuchMethodError'{0x000000008d79f3b0}: <clinit>> (0x000000008d79f3b0) thrown at [./src/hotspot/share/prims/jni.cpp, line 1362]
Event: 19041.950 Thread 0x0000024485fcc000 Exception <a 'java/lang/NoSuchMethodError'{0x000000008d60f9c8}: <clinit>> (0x000000008d60f9c8) thrown at [./src/hotspot/share/prims/jni.cpp, line 1362]
Event: 19041.950 Thread 0x0000024485fcc000 Exception <a 'java/lang/NoSuchMethodError'{0x000000008d612590}: <clinit>> (0x000000008d612590) thrown at [./src/hotspot/share/prims/jni.cpp, line 1362]
Event: 19041.950 Thread 0x0000024485fcc000 Exception <a 'java/lang/NoSuchMethodError'{0x000000008d616f70}: <clinit>> (0x000000008d616f70) thrown at [./src/hotspot/share/prims/jni.cpp, line 1362]
Event: 19041.951 Thread 0x0000024485fcc000 Exception <a 'java/lang/NoSuchMethodError'{0x000000008d622710}: <clinit>> (0x000000008d622710) thrown at [./src/hotspot/share/prims/jni.cpp, line 1362]
Event: 19041.953 Thread 0x0000024485fcc000 Exception <a 'java/lang/NoSuchMethodError'{0x000000008d679af0}: <clinit>> (0x000000008d679af0) thrown at [./src/hotspot/share/prims/jni.cpp, line 1362]
Event: 19041.954 Thread 0x0000024485fcc000 Exception <a 'java/lang/NoSuchMethodError'{0x000000008d6ab978}: <clinit>> (0x000000008d6ab978) thrown at [./src/hotspot/share/prims/jni.cpp, line 1362]
Event: 19041.955 Thread 0x0000024485fcc000 Exception <a 'java/lang/NoSuchMethodError'{0x000000008d6aede0}: <clinit>> (0x000000008d6aede0) thrown at [./src/hotspot/share/prims/jni.cpp, line 1362]
Event: 19041.955 Thread 0x0000024485fcc000 Exception <a 'java/lang/NoSuchMethodError'{0x000000008d6b1a50}: <clinit>> (0x000000008d6b1a50) thrown at [./src/hotspot/share/prims/jni.cpp, line 1362]
Event: 19041.955 Thread 0x0000024485fcc000 Exception <a 'java/lang/NoSuchMethodError'{0x000000008d6c9a60}: <clinit>> (0x000000008d6c9a60) thrown at [./src/hotspot/share/prims/jni.cpp, line 1362]
Event: 19041.956 Thread 0x0000024485fcc000 Exception <a 'java/lang/NoSuchMethodError'{0x000000008d6e0d80}: <clinit>> (0x000000008d6e0d80) thrown at [./src/hotspot/share/prims/jni.cpp, line 1362]
Event: 19041.956 Thread 0x0000024485fcc000 Exception <a 'java/lang/NoSuchMethodError'{0x000000008d6f5800}: <clinit>> (0x000000008d6f5800) thrown at [./src/hotspot/share/prims/jni.cpp, line 1362]
Event: 19041.957 Thread 0x0000024485fcc000 Exception <a 'java/lang/NoSuchMethodError'{0x000000008d518c98}: <clinit>> (0x000000008d518c98) thrown at [./src/hotspot/share/prims/jni.cpp, line 1362]
Event: 19041.959 Thread 0x0000024485fcc000 Exception <a 'java/lang/NoSuchMethodError'{0x000000008d53e060}: <clinit>> (0x000000008d53e060) thrown at [./src/hotspot/share/prims/jni.cpp, line 1362]
Event: 19041.959 Thread 0x0000024485fcc000 Exception <a 'java/lang/NoSuchMethodError'{0x000000008d5531e0}: <clinit>> (0x000000008d5531e0) thrown at [./src/hotspot/share/prims/jni.cpp, line 1362]
Event: 19042.939 Thread 0x0000024485fcc000 Implicit null exception at 0x00000244f01602e9 to 0x00000244f0161e00
Event: 19043.829 Thread 0x0000024485fcc000 Implicit null exception at 0x00000244f0df6f70 to 0x00000244f0dfb694

Events (20 events):
Event: 19044.360 loading class com/android/aapt/Resources$Attribute$1 done
Event: 19044.361 loading class com/android/aapt/Resources$Attribute$Builder
Event: 19044.361 loading class com/android/aapt/Resources$Attribute$Builder done
Event: 19044.363 loading class com/android/aapt/Resources$Attribute$Symbol
Event: 19044.363 loading class com/android/aapt/Resources$Attribute$Symbol done
Event: 19044.364 loading class com/android/aapt/Resources$Attribute$SymbolOrBuilder
Event: 19044.364 loading class com/android/aapt/Resources$Attribute$SymbolOrBuilder done
Event: 19044.367 loading class com/android/aapt/Resources$Attribute$Symbol$1
Event: 19044.367 loading class com/android/aapt/Resources$Attribute$Symbol$1 done
Event: 19044.368 loading class com/android/aapt/Resources$Attribute$Symbol$Builder
Event: 19044.368 loading class com/android/aapt/Resources$Attribute$Symbol$Builder done
Event: 19044.421 Executing VM operation: CGC_Operation
Event: 19044.422 Executing VM operation: CGC_Operation done
Event: 19044.424 Executing VM operation: G1CollectForAllocation
Event: 19044.430 Executing VM operation: G1CollectForAllocation done
Event: 19044.437 loading class com/android/aapt/Resources$Id$1
Event: 19044.437 loading class com/android/aapt/Resources$Id$1 done
Event: 19044.439 loading class com/android/aapt/Resources$Id$Builder
Event: 19044.439 loading class com/android/aapt/Resources$Id$Builder done
Event: 19044.445 Executing VM operation: G1CollectForAllocation


Dynamic libraries:
0x00007ff6f2330000 - 0x00007ff6f233a000 	C:\Program Files\Android\Android Studio\jre\bin\java.exe
0x00007ff9183b0000 - 0x00007ff9185a5000 	C:\Windows\SYSTEM32\ntdll.dll
0x00007ff9182b0000 - 0x00007ff91836e000 	C:\Windows\System32\KERNEL32.DLL
0x00007ff915fe0000 - 0x00007ff9162a8000 	C:\Windows\System32\KERNELBASE.dll
0x00007ff915d20000 - 0x00007ff915e20000 	C:\Windows\System32\ucrtbase.dll
0x00007ff8fd860000 - 0x00007ff8fd879000 	C:\Program Files\Android\Android Studio\jre\bin\jli.dll
0x00007ff8fb000000 - 0x00007ff8fb017000 	C:\Program Files\Android\Android Studio\jre\bin\VCRUNTIME140.dll
0x00007ff916a20000 - 0x00007ff916bc1000 	C:\Windows\System32\USER32.dll
0x00007ff915e70000 - 0x00007ff915e92000 	C:\Windows\System32\win32u.dll
0x00007ff9009b0000 - 0x00007ff900c4a000 	C:\Windows\WinSxS\amd64_microsoft.windows.common-controls_6595b64144ccf1df_6.0.19041.1110_none_60b5254171f9507e\COMCTL32.dll
0x00007ff916bd0000 - 0x00007ff916bfb000 	C:\Windows\System32\GDI32.dll
0x00007ff917890000 - 0x00007ff91792e000 	C:\Windows\System32\msvcrt.dll
0x00007ff915ed0000 - 0x00007ff915fdb000 	C:\Windows\System32\gdi32full.dll
0x00007ff916360000 - 0x00007ff9163fd000 	C:\Windows\System32\msvcp_win.dll
0x00007ff917930000 - 0x00007ff917960000 	C:\Windows\System32\IMM32.DLL
0x00007ff8f6620000 - 0x00007ff8f66bd000 	C:\Program Files\Android\Android Studio\jre\bin\msvcp140.dll
0x00007ff8bcd50000 - 0x00007ff8bd81f000 	C:\Program Files\Android\Android Studio\jre\bin\server\jvm.dll
0x00007ff9177d0000 - 0x00007ff91787c000 	C:\Windows\System32\ADVAPI32.dll
0x00007ff917d20000 - 0x00007ff917dbb000 	C:\Windows\System32\sechost.dll
0x00007ff9173a0000 - 0x00007ff9174ca000 	C:\Windows\System32\RPCRT4.dll
0x00007ff916930000 - 0x00007ff916938000 	C:\Windows\System32\PSAPI.DLL
0x00007ff90eaf0000 - 0x00007ff90eafa000 	C:\Windows\SYSTEM32\VERSION.dll
0x00007ff90a9c0000 - 0x00007ff90a9c9000 	C:\Windows\SYSTEM32\WSOCK32.dll
0x00007ff909b30000 - 0x00007ff909b57000 	C:\Windows\SYSTEM32\WINMM.dll
0x00007ff917960000 - 0x00007ff9179cb000 	C:\Windows\System32\WS2_32.dll
0x00007ff914310000 - 0x00007ff914322000 	C:\Windows\SYSTEM32\kernel.appcore.dll
0x00007ff8f4a70000 - 0x00007ff8f4a81000 	C:\Program Files\Android\Android Studio\jre\bin\verify.dll
0x00007ff913860000 - 0x00007ff913a44000 	C:\Windows\SYSTEM32\DBGHELP.DLL
0x00007ff90eed0000 - 0x00007ff90eefc000 	C:\Windows\SYSTEM32\dbgcore.DLL
0x00007ff915ad0000 - 0x00007ff915b53000 	C:\Windows\System32\bcryptPrimitives.dll
0x00007ff8f4a40000 - 0x00007ff8f4a69000 	C:\Program Files\Android\Android Studio\jre\bin\java.dll
0x00007ff90f3f0000 - 0x00007ff90f3fb000 	C:\Program Files\Android\Android Studio\jre\bin\jimage.dll
0x00007ff8eb4b0000 - 0x00007ff8eb4c8000 	C:\Program Files\Android\Android Studio\jre\bin\zip.dll
0x00007ff916c00000 - 0x00007ff91733f000 	C:\Windows\System32\SHELL32.dll
0x00007ff913b70000 - 0x00007ff914300000 	C:\Windows\SYSTEM32\windows.storage.dll
0x00007ff917ed0000 - 0x00007ff918225000 	C:\Windows\System32\combase.dll
0x00007ff915520000 - 0x00007ff91554e000 	C:\Windows\SYSTEM32\Wldp.dll
0x00007ff9174d0000 - 0x00007ff91757d000 	C:\Windows\System32\SHCORE.dll
0x00007ff917340000 - 0x00007ff917395000 	C:\Windows\System32\shlwapi.dll
0x00007ff915a10000 - 0x00007ff915a2f000 	C:\Windows\SYSTEM32\profapi.dll
0x00007ff8ead70000 - 0x00007ff8ead8a000 	C:\Program Files\Android\Android Studio\jre\bin\net.dll
0x00007ff910a50000 - 0x00007ff910b5c000 	C:\Windows\SYSTEM32\WINHTTP.dll
0x00007ff915230000 - 0x00007ff91529a000 	C:\Windows\system32\mswsock.dll
0x00007ff8e3410000 - 0x00007ff8e3424000 	C:\Program Files\Android\Android Studio\jre\bin\nio.dll
0x00007ff8f66c0000 - 0x00007ff8f66e7000 	C:\Users\Mukul Kolpe\.gradle\native\8bec1ad78214c89d9ad589b4d07fe93259594b29d510b10fafb7a158f7737e5d\windows-amd64\native-platform.dll
0x00007ff8c1130000 - 0x00007ff8c126d000 	C:\Users\Mukul Kolpe\.gradle\native\53dbd7edfb1c66fb8903c78663c9afc45aea4f116125fa6feffd364cf09443e8\windows-amd64\native-platform-file-events.dll
0x00007ff90f3b0000 - 0x00007ff90f3ba000 	C:\Program Files\Android\Android Studio\jre\bin\management.dll
0x00007ff8fbc30000 - 0x00007ff8fbc3c000 	C:\Program Files\Android\Android Studio\jre\bin\management_ext.dll
0x00007ff915450000 - 0x00007ff915468000 	C:\Windows\SYSTEM32\CRYPTSP.dll
0x00007ff914b50000 - 0x00007ff914b84000 	C:\Windows\system32\rsaenh.dll
0x00007ff915ea0000 - 0x00007ff915ec7000 	C:\Windows\System32\bcrypt.dll
0x00007ff915990000 - 0x00007ff9159be000 	C:\Windows\SYSTEM32\USERENV.dll
0x00007ff915470000 - 0x00007ff91547c000 	C:\Windows\SYSTEM32\CRYPTBASE.dll
0x00007ff914ef0000 - 0x00007ff914f2b000 	C:\Windows\SYSTEM32\IPHLPAPI.DLL
0x00007ff917d10000 - 0x00007ff917d18000 	C:\Windows\System32\NSI.dll
0x00007ff90fa10000 - 0x00007ff90fa27000 	C:\Windows\SYSTEM32\dhcpcsvc6.DLL
0x00007ff90f9f0000 - 0x00007ff90fa0d000 	C:\Windows\SYSTEM32\dhcpcsvc.DLL
0x00007ff914f30000 - 0x00007ff914ffb000 	C:\Windows\SYSTEM32\DNSAPI.dll
0x00007ff8da5b0000 - 0x00007ff8da5d7000 	C:\Program Files\Android\Android Studio\jre\bin\sunec.dll
0x00007ff9148a0000 - 0x00007ff9148d3000 	C:\Windows\SYSTEM32\ntmarta.dll

dbghelp: loaded successfully - version: 4.0.5 - missing functions: none
symbol engine: initialized successfully - sym options: 0x614 - pdb path: .;C:\Program Files\Android\Android Studio\jre\bin;C:\Windows\SYSTEM32;C:\Windows\WinSxS\amd64_microsoft.windows.common-controls_6595b64144ccf1df_6.0.19041.1110_none_60b5254171f9507e;C:\Program Files\Android\Android Studio\jre\bin\server;C:\Users\Mukul Kolpe\.gradle\native\8bec1ad78214c89d9ad589b4d07fe93259594b29d510b10fafb7a158f7737e5d\windows-amd64;C:\Users\Mukul Kolpe\.gradle\native\53dbd7edfb1c66fb8903c78663c9afc45aea4f116125fa6feffd364cf09443e8\windows-amd64

VM Arguments:
jvm_args: --add-opens=java.base/java.util=ALL-UNNAMED --add-opens=java.base/java.lang=ALL-UNNAMED --add-opens=java.base/java.lang.invoke=ALL-UNNAMED --add-opens=java.base/java.util=ALL-UNNAMED --add-opens=java.prefs/java.util.prefs=ALL-UNNAMED --add-opens=java.prefs/java.util.prefs=ALL-UNNAMED --add-opens=java.base/java.nio.charset=ALL-UNNAMED --add-opens=java.base/java.net=ALL-UNNAMED --add-opens=java.base/java.util.concurrent.atomic=ALL-UNNAMED -Xmx2048m -Dfile.encoding=UTF-8 -Duser.country=IN -Duser.language=en -Duser.variant 
java_command: org.gradle.launcher.daemon.bootstrap.GradleDaemon 7.0.2
java_class_path (initial): C:\Users\Mukul Kolpe\.gradle\wrapper\dists\gradle-7.0.2-bin\857tjihv64xamwrf0h14cai3r\gradle-7.0.2\lib\gradle-launcher-7.0.2.jar
Launcher Type: SUN_STANDARD

[Global flags]
     intx CICompilerCount                          = 4                                         {product} {ergonomic}
     uint ConcGCThreads                            = 2                                         {product} {ergonomic}
     uint G1ConcRefinementThreads                  = 8                                         {product} {ergonomic}
   size_t G1HeapRegionSize                         = 1048576                                   {product} {ergonomic}
    uintx GCDrainStackTargetSize                   = 64                                        {product} {ergonomic}
   size_t InitialHeapSize                          = 132120576                                 {product} {ergonomic}
   size_t MarkStackSize                            = 4194304                                   {product} {ergonomic}
   size_t MaxHeapSize                              = 2147483648                                {product} {command line}
   size_t MaxNewSize                               = 1287651328                                {product} {ergonomic}
   size_t MinHeapDeltaBytes                        = 1048576                                   {product} {ergonomic}
    uintx NonNMethodCodeHeapSize                   = 5836300                                {pd product} {ergonomic}
    uintx NonProfiledCodeHeapSize                  = 122910970                              {pd product} {ergonomic}
    uintx ProfiledCodeHeapSize                     = 122910970                              {pd product} {ergonomic}
    uintx ReservedCodeCacheSize                    = 251658240                              {pd product} {ergonomic}
     bool SegmentedCodeCache                       = true                                      {product} {ergonomic}
     bool UseCompressedClassPointers               = true                                 {lp64_product} {ergonomic}
     bool UseCompressedOops                        = true                                 {lp64_product} {ergonomic}
     bool UseG1GC                                  = true                                      {product} {ergonomic}
     bool UseLargePagesIndividualAllocation        = false                                  {pd product} {ergonomic}

Logging:
Log output configuration:
 #0: stdout all=warning uptime,level,tags
 #1: stderr all=off uptime,level,tags

Environment Variables:
PATH=C:\Program Files\Common Files\Oracle\Java\javapath;C:\Windows\system32;C:\Windows;C:\Windows\System32\Wbem;C:\Windows\System32\WindowsPowerShell\v1.0\;C:\Windows\System32\OpenSSH\;C:\Program Files\Git\cmd;C:\msys64\mingw64\bin;C:\ProgramData\chocolatey\bin;C:\xampp\php;C:\ProgramData\ComposerSetup\bin;C:\Program Files\Java\jdk-16.0.2\bin;C:\Program Files\Kubernetes\Minikube;;C:\minikube;C:\Program Files\Docker\Docker\resources\bin;C:\ProgramData\DockerDesktop\version-bin;C:\Program Files\nodejs\;C:\Program Files\MySQL\MySQL Shell 8.0\bin\;C:\Users\Mukul Kolpe\AppData\Local\Programs\Python\Python39\Scripts\;C:\Users\Mukul Kolpe\AppData\Local\Programs\Python\Python39\;C:\Users\Mukul Kolpe\AppData\Roaming\local\bin;C:\Users\Mukul Kolpe\AppData\Local\Microsoft\WindowsApps;;C:\Users\Mukul Kolpe\AppData\Local\Programs\Microsoft VS Code\bin;C:\Program Files\JetBrains\IntelliJ IDEA Community Edition 2021.2.2\bin;;C:\Users\Mukul Kolpe\AppData\Roaming\cabal\bin;C:\tools\ghc-9.0.1\bin;C:\Users\Mukul Kolpe\AppData\Roaming\Composer\vendor\bin;C:\Users\Mukul Kolpe\AppData\Roaming\npm
USERNAME=Mukul Kolpe
OS=Windows_NT
PROCESSOR_IDENTIFIER=Intel64 Family 6 Model 140 Stepping 1, GenuineIntel



---------------  S Y S T E M  ---------------

OS: Windows 10 , 64 bit Build 19041 (10.0.19041.1348)
OS uptime: 15 days 1:38 hours
Hyper-V role detected

CPU:total 8 (initial active 8) (4 cores per cpu, 2 threads per core) family 6 model 140 stepping 1 microcode 0x8a, cmov, cx8, fxsr, mmx, sse, sse2, sse3, ssse3, sse4.1, sse4.2, popcnt, avx, avx2, aes, clmul, erms, 3dnowpref, lzcnt, ht, tsc, tscinvbit, bmi1, bmi2, adx, evex, sha, fma

Memory: 4k page, system-wide physical 7991M (366M free)
TotalPageFile size 32567M (AvailPageFile size 74M)
current process WorkingSet (physical memory assigned to process): 449M, peak: 471M
current process commit charge ("private bytes"): 610M, peak: 696M

vm_info: OpenJDK 64-Bit Server VM (11.0.10+0-b96-7249189) for windows-amd64 JRE (11.0.10+0-b96-7249189), built on Mar 31 2021 21:44:00 by "builder" with MS VC++ 14.0 (VS2015)

END.
